## here is that output..

1440973704
393857512
-918572696
-1627624216
-2031786536
-1151917272
1627043704
-448372728
-58942968
612214376
1638909976
-323964968
1995423336
-1852741576
-1833057864
1758831000
-1488756696
-1038149048
-1754106472
-1114613560
-603615864
2136920392
-1651560600
292096008
1482345704
-2072058120
1498712088
-617932312
-1268755656
-1927178984
-1050340824
-378992568
-53916920
-383236920
1821236504
-572360184
-1754279096
-1007511768
630503288
1342664232
1320558152
883937800
-1885537688
2054445096
-223513032
248598056
1180942376
1165482936
-1998532760
-1996360872
-864602200
192471432
-995204536
-253129896
-1777835688
1261079416
310674104
2093661032
-1691675400
-345571560
-16838072
1660179352
1459351256
1914444712
334451384
1998218504
-544278808
-883172152
738082904
-652551208
-42369768
-456056680
-1482015512
1112192248
1315988472
-2019030008
1588430584
99025496
-2102116632
1876576872
-1649683320
1066431096
754643848
-300896600
2125160712
-1278407832
1819553848
-644355976
475089144
4582856
1228735000
643022856
-632643736
-1459196984
-165000296
-1368125080
1920655880
-510800584
-1604195304
657740264
-1696103848
-348234680
-1569201864
1634571752
66857256
-1757158200
1270404744
381817832
-382346072
445461624
-1187755864
966491544
308218392
-1220268664
852465464
1497892152
-1091893512
1881624312
274765912
-1610114824
1109871240
-248482376
1804858808
9360344
-641790024
1450071752
480742952
-1034066488
-231152904
1898614504
1196493624
274899608
-176006632
1249493192
1651547432
433285224
-1634600744
889489336
-100707736
-52370248
-1150658040
1442962920
1356491992
-271810552
517231416
-938336568
1389802024
1029100808
916510056
69752760
1336263480
2120906232
-2085695640
729839464
-1763237320
-1682038232
1430833944
-1309084696
1980846520
1047938216
1429477512
-562482504
1604546376
-703156408
1616114840
1223824680
2062636728
-1947539080
1308420440
1299800072
1363679464
-316086408
-814260056
739984232
2111988872
-1020131128
1373583272
521218248
1911108184
-1104752408
162499464
899437352
-1526571432
-53583112
-509826552
-1019556648
752098616
-1585884664
392784872
886960792
548316344
284458504
1125936904
1614669256
-1787183480
-772613496
1977295848
1158354568
-2019698008

... It randomly emits numbers like a shit... within range of int type, probably int 32, so  -2 power 32 to 2 power 32 - 1 

What can be the reason?
